[INFO]  JReleaser 1.2.0
[INFO]  Configuring with jreleaser.yml
[INFO]    - basedir set to C:\Users\Sualeh Fatehi\Projects\_SchemaCrawler\SchemaCrawler-Installers
[INFO]  Reading configuration
[WARN]  Auto configure detected 'SchemaCrawler-Installers' as repository name but project has 'SchemaCrawler' configured
[INFO]  Loading variables from C:\Users\Sualeh Fatehi\.jreleaser\config.properties
[INFO]  Validating configuration
[ERROR] == JReleaser ==
[ERROR] sdkman.consumerKey must not be blank. Configure a value using the CLI yaml DSL, or define a JRELEASER_SDKMAN_CONSUMER_KEY environment variable, or define a key/value pair in C:\Users\Sualeh Fatehi\.jreleaser\config.properties with key = JRELEASER_SDKMAN_CONSUMER_KEY
[ERROR] sdkman.consumerToken must not be blank. Configure a value using the CLI yaml DSL, or define a JRELEASER_SDKMAN_CONSUMER_TOKEN environment variable, or define a key/value pair in C:\Users\Sualeh Fatehi\.jreleaser\config.properties with key = JRELEASER_SDKMAN_CONSUMER_TOKEN
[ERROR] twitter.consumerKey must not be blank. Configure a value using the CLI yaml DSL, or define a JRELEASER_TWITTER_CONSUMER_KEY environment variable, or define a key/value pair in C:\Users\Sualeh Fatehi\.jreleaser\config.properties with key = JRELEASER_TWITTER_CONSUMER_KEY
[ERROR] twitter.consumerSecret must not be blank. Configure a value using the CLI yaml DSL, or define a JRELEASER_TWITTER_CONSUMER_SECRET environment variable, or define a key/value pair in C:\Users\Sualeh Fatehi\.jreleaser\config.properties with key = JRELEASER_TWITTER_CONSUMER_SECRET
[ERROR] twitter.accessToken must not be blank. Configure a value using the CLI yaml DSL, or define a JRELEASER_TWITTER_ACCESS_TOKEN environment variable, or define a key/value pair in C:\Users\Sualeh Fatehi\.jreleaser\config.properties with key = JRELEASER_TWITTER_ACCESS_TOKEN
[ERROR] twitter.accessTokenSecret must not be blank. Configure a value using the CLI yaml DSL, or define a JRELEASER_TWITTER_ACCESS_TOKEN_SECRET environment variable, or define a key/value pair in C:\Users\Sualeh Fatehi\.jreleaser\config.properties with key = JRELEASER_TWITTER_ACCESS_TOKEN_SECRET
JReleaser has not been properly configured.
sdkman.consumerKey must not be blank. Configure a value using the CLI yaml DSL, or define a JRELEASER_SDKMAN_CONSUMER_KEY environment variable, or define a key/value pair in C:\Users\Sualeh Fatehi\.jreleaser\config.properties with key = JRELEASER_SDKMAN_CONSUMER_KEY
sdkman.consumerToken must not be blank. Configure a value using the CLI yaml DSL, or define a JRELEASER_SDKMAN_CONSUMER_TOKEN environment variable, or define a key/value pair in C:\Users\Sualeh Fatehi\.jreleaser\config.properties with key = JRELEASER_SDKMAN_CONSUMER_TOKEN
twitter.consumerKey must not be blank. Configure a value using the CLI yaml DSL, or define a JRELEASER_TWITTER_CONSUMER_KEY environment variable, or define a key/value pair in C:\Users\Sualeh Fatehi\.jreleaser\config.properties with key = JRELEASER_TWITTER_CONSUMER_KEY
twitter.consumerSecret must not be blank. Configure a value using the CLI yaml DSL, or define a JRELEASER_TWITTER_CONSUMER_SECRET environment variable, or define a key/value pair in C:\Users\Sualeh Fatehi\.jreleaser\config.properties with key = JRELEASER_TWITTER_CONSUMER_SECRET
twitter.accessToken must not be blank. Configure a value using the CLI yaml DSL, or define a JRELEASER_TWITTER_ACCESS_TOKEN environment variable, or define a key/value pair in C:\Users\Sualeh Fatehi\.jreleaser\config.properties with key = JRELEASER_TWITTER_ACCESS_TOKEN
twitter.accessTokenSecret must not be blank. Configure a value using the CLI yaml DSL, or define a JRELEASER_TWITTER_ACCESS_TOKEN_SECRET environment variable, or define a key/value pair in C:\Users\Sualeh Fatehi\.jreleaser\config.properties with key = JRELEASER_TWITTER_ACCESS_TOKEN_SECRET

